[2017-04-28 05:58:05] books-microservice.INFO: Book Created! {"id":6,"name":"Mitologia Nordica","author":"Neil Gaiman"} []
[2017-04-28 05:59:13] books-microservice.INFO: Book Created! {"id":7,"name":"Mitologia Nordica","author":"Neil Gaiman"} []
[2017-04-28 06:05:55] books-microservice.INFO: Book 2 updated! {"id":2,"name":"Sandman Vol02","author":"Neil Gaiman"} []
[2017-04-28 06:06:10] books-microservice.WARNING: Book 12 Not Found [] []
[2017-04-28 06:07:55] books-microservice.INFO: Book 1 not Found [] []
[2017-04-28 06:07:58] books-microservice.INFO: Book 2 not Found [] []
[2017-04-28 06:08:00] books-microservice.INFO: Book 3 deleted {"id":null,"name":"Mitologia Nordica","author":"Neil Gaiman"} []
[2017-04-28 06:08:03] books-microservice.INFO: Book 6 deleted {"id":null,"name":"Mitologia Nordica","author":"Neil Gaiman"} []
[2017-04-28 17:31:42] books-microservice.INFO: Book Created! {"id":2,"name":"Mitologia Nordica","author":"Neil Gaiman"} []
[2017-04-28 19:32:30] books-microservice.INFO: Book Created! {"id":3,"name":"Mitologia Nordica","author":"Neil Gaiman"} []
[2017-04-28 19:32:34] books-microservice.INFO: Book Created! {"id":4,"name":"Mitologia Nordica","author":"Neil Gaiman"} []
[2017-04-28 19:32:34] books-microservice.INFO: Book Created! {"id":5,"name":"Mitologia Nordica","author":"Neil Gaiman"} []
[2017-04-28 19:32:35] books-microservice.INFO: Book Created! {"id":6,"name":"Mitologia Nordica","author":"Neil Gaiman"} []
[2017-04-28 19:32:36] books-microservice.INFO: Book Created! {"id":7,"name":"Mitologia Nordica","author":"Neil Gaiman"} []
[2017-04-28 19:32:36] books-microservice.INFO: Book Created! {"id":8,"name":"Mitologia Nordica","author":"Neil Gaiman"} []
[2017-04-28 19:32:36] books-microservice.INFO: Book Created! {"id":9,"name":"Mitologia Nordica","author":"Neil Gaiman"} []
[2017-04-28 19:32:37] books-microservice.INFO: Book Created! {"id":10,"name":"Mitologia Nordica","author":"Neil Gaiman"} []
[2017-04-28 19:32:37] books-microservice.INFO: Book Created! {"id":11,"name":"Mitologia Nordica","author":"Neil Gaiman"} []
[2017-04-28 19:32:38] books-microservice.INFO: Book Created! {"id":12,"name":"Mitologia Nordica","author":"Neil Gaiman"} []
[2017-04-28 19:32:38] books-microservice.INFO: Book Created! {"id":13,"name":"Mitologia Nordica","author":"Neil Gaiman"} []
[2017-04-28 19:32:39] books-microservice.INFO: Book Created! {"id":14,"name":"Mitologia Nordica","author":"Neil Gaiman"} []
[2017-04-28 19:32:50] books-microservice.WARNING: Book 189 Not Found [] []
[2017-04-28 19:33:05] books-microservice.INFO: Book 12 deleted {"id":null,"name":"Mitologia Nordica","author":"Neil Gaiman"} []
[2017-04-28 19:33:09] books-microservice.INFO: Book 12 not Found [] []
[2017-04-28 19:33:19] books-microservice.INFO: Book 2 updated! {"id":2,"name":"Sandman Vol02","author":"Neil Gaiman"} []
